{
  "stats": {
    "suites": 1,
    "tests": 1,
    "passes": 1,
    "pending": 0,
    "failures": 0,
    "start": "2022-04-28T02:00:02.697Z",
    "end": "2022-04-28T02:00:24.052Z",
    "duration": 21355,
    "testsRegistered": 1,
    "passPercent": 100,
    "pendingPercent": 0,
    "other": 0,
    "hasOther": false,
    "skipped": 0,
    "hasSkipped": false
  },
  "results": [
    {
      "uuid": "1f32b116-4e39-40a9-9097-6fce009a5b00",
      "title": "",
      "fullFile": "cypress/integration/Copy LiveTour.ts",
      "file": "cypress/integration/Copy LiveTour.ts",
      "beforeHooks": [],
      "afterHooks": [],
      "tests": [],
      "suites": [
        {
          "uuid": "b0e7be26-e5fb-4e10-957a-7899506a8126",
          "title": "test `copy LiveTour` function",
          "fullFile": "",
          "file": "",
          "beforeHooks": [],
          "afterHooks": [],
          "tests": [
            {
              "title": "copy the latest Livetour",
              "fullTitle": "test `copy LiveTour` function copy the latest Livetour",
              "timedOut": null,
              "duration": 19641,
              "state": "passed",
              "speed": "slow",
              "pass": true,
              "fail": false,
              "pending": false,
              "context": null,
              "code": "// login to editor\nloginPage.navigate('https://vreditor.istaging.com/');\nloginPage.enterUsername('eric_cypress');\nloginPage.enterPassword('000000');\nloginPage.clickLogin();\n// choose the latest LiveTour\ncy.get('.i-dropdown-2 > .btn')\n    .click();\ncy.get('.dropdown-menu > :nth-child(5)')\n    .click();\ncy.get('#buildingsList_0 > .i-list-router')\n    .click();\ncy.wait(5000);\n// test copy function\ncy.get('.btn-group > :nth-child(4)')\n    .click();\ncy.get('[style=\"background-color: rgba(0, 0, 0, 0.7); position: fixed;\"] > .i-modal-inner > .i-form-2 > .flex-wrap > :nth-child(1) > .form-group > :nth-child(2) > .form-control')\n    .type('eric@staging.com.tw');\ncy.get('[style=\"background-color: rgba(0, 0, 0, 0.7); position: fixed;\"] > .i-modal-inner > .i-form-2 > .flex-wrap > .row-mbl > .form-group > .buttons-container > .btn')\n    .click();\ncy.get('.i-alert-text')\n    .should('contain', '複製成功');",
              "err": {},
              "uuid": "4abfb18f-a148-448e-b704-0c825a68b3cf",
              "parentUUID": "b0e7be26-e5fb-4e10-957a-7899506a8126",
              "isHook": false,
              "skipped": false
            }
          ],
          "suites": [],
          "passes": [
            "4abfb18f-a148-448e-b704-0c825a68b3cf"
          ],
          "failures": [],
          "pending": [],
          "skipped": [],
          "duration": 19641,
          "root": false,
          "rootEmpty": false,
          "_timeout": 2000
        }
      ],
      "passes": [],
      "failures": [],
      "pending": [],
      "skipped": [],
      "duration": 0,
      "root": true,
      "rootEmpty": true,
      "_timeout": 2000
    }
  ],
  "meta": {
    "mocha": {
      "version": "7.0.1"
    },
    "mochawesome": {
      "options": {
        "quiet": false,
        "reportFilename": "mochawesome",
        "saveHtml": false,
        "saveJson": true,
        "consoleReporter": "spec",
        "useInlineDiffs": false,
        "code": true
      },
      "version": "7.1.3"
    },
    "marge": {
      "options": {
        "charts": true,
        "overwrite": false,
        "html": false,
        "json": true,
        "reportDir": "cypress/reports"
      },
      "version": "6.2.0"
    }
  }
}