{
  "stats": {
    "suites": 1,
    "tests": 1,
    "passes": 1,
    "pending": 0,
    "failures": 0,
    "start": "2022-07-19T01:31:14.502Z",
    "end": "2022-07-19T01:31:31.309Z",
    "duration": 16807,
    "testsRegistered": 1,
    "passPercent": 100,
    "pendingPercent": 0,
    "other": 0,
    "hasOther": false,
    "skipped": 0,
    "hasSkipped": false
  },
  "results": [
    {
      "uuid": "b2f35a3d-93eb-45cd-b738-b71830d35ca4",
      "title": "",
      "fullFile": "cypress/integration/Delete LiveTour.ts",
      "file": "cypress/integration/Delete LiveTour.ts",
      "beforeHooks": [],
      "afterHooks": [],
      "tests": [],
      "suites": [
        {
          "uuid": "692e7163-6870-4c23-9c93-2b13dd725265",
          "title": "test `delete LiveTour` function",
          "fullFile": "",
          "file": "",
          "beforeHooks": [],
          "afterHooks": [],
          "tests": [
            {
              "title": "delete the latest LiveTour",
              "fullTitle": "test `delete LiveTour` function delete the latest LiveTour",
              "timedOut": null,
              "duration": 14922,
              "state": "passed",
              "speed": "slow",
              "pass": true,
              "fail": false,
              "pending": false,
              "context": null,
              "code": "// login to editor\nloginPage.navigate('https://vreditor.istaging.com/');\nloginPage.enterUsername('eric_cypress');\nloginPage.enterPassword('000000');\nloginPage.clickLogin();\n// choose the latest LiveTour\ncy.get('.i-dropdown-2 > .btn')\n    .click();\ncy.get('.dropdown-menu > :nth-child(5)')\n    .click();\n// Be careful with this option {force : true}. It's possible to force your tests to pass when the element is actually not interactable in your application.\n// Because `realHover` is not support in Firefox, so we can use {force : true} to excute delete function for now.\ncy.get('#buildingsList_0')\n    .contains('刪除')\n    .click({ force: true });\n/*    // test delete LiveTour function\n    cy.contains('刪除')\n        .should('not.be.visible')\n    \n    // realHover can only use in chromium browser\n    cy.get('#buildingsList_0')\n        .realHover();\n    \n    cy.contains('刪除')\n        .should('be.visible')\n        .click();*/\ncy.get('[style=\"background-color: transparent; position: fixed;\"] > .i-modal-inner > .modal-content > .modal-content-buttons > .btn-primary')\n    .click();\ncy.get('.i-alert-text')\n    .should('contain', '刪除成功');",
              "err": {},
              "uuid": "74b75cb6-14bb-4861-93c9-5e832c764717",
              "parentUUID": "692e7163-6870-4c23-9c93-2b13dd725265",
              "isHook": false,
              "skipped": false
            }
          ],
          "suites": [],
          "passes": [
            "74b75cb6-14bb-4861-93c9-5e832c764717"
          ],
          "failures": [],
          "pending": [],
          "skipped": [],
          "duration": 14922,
          "root": false,
          "rootEmpty": false,
          "_timeout": 2000
        }
      ],
      "passes": [],
      "failures": [],
      "pending": [],
      "skipped": [],
      "duration": 0,
      "root": true,
      "rootEmpty": true,
      "_timeout": 2000
    }
  ],
  "meta": {
    "mocha": {
      "version": "7.0.1"
    },
    "mochawesome": {
      "options": {
        "quiet": false,
        "reportFilename": "mochawesome",
        "saveHtml": false,
        "saveJson": true,
        "consoleReporter": "spec",
        "useInlineDiffs": false,
        "code": true
      },
      "version": "7.1.3"
    },
    "marge": {
      "options": {
        "charts": true,
        "overwrite": false,
        "html": false,
        "json": true,
        "reportDir": "cypress/reports"
      },
      "version": "6.2.0"
    }
  }
}