{
  "stats": {
    "suites": 1,
    "tests": 1,
    "passes": 1,
    "pending": 0,
    "failures": 0,
    "start": "2022-07-19T01:31:35.959Z",
    "end": "2022-07-19T01:32:12.285Z",
    "duration": 36326,
    "testsRegistered": 1,
    "passPercent": 100,
    "pendingPercent": 0,
    "other": 0,
    "hasOther": false,
    "skipped": 0,
    "hasSkipped": false
  },
  "results": [
    {
      "uuid": "2b5542d9-a56d-4b21-9b60-90b45671d5cf",
      "title": "",
      "fullFile": "cypress/integration/Reload editor.ts",
      "file": "cypress/integration/Reload editor.ts",
      "beforeHooks": [],
      "afterHooks": [],
      "tests": [],
      "suites": [
        {
          "uuid": "a37695b6-f203-43f3-8590-86f8a31e537b",
          "title": "test if session token went wrong after reloading",
          "fullFile": "",
          "file": "",
          "beforeHooks": [],
          "afterHooks": [],
          "tests": [
            {
              "title": "reload VR Maker editor after login",
              "fullTitle": "test if session token went wrong after reloading reload VR Maker editor after login",
              "timedOut": null,
              "duration": 34575,
              "state": "passed",
              "speed": "slow",
              "pass": true,
              "fail": false,
              "pending": false,
              "context": null,
              "code": "// login to editor\nloginPage.navigate('https://vreditor.istaging.com/');\nloginPage.enterUsername('eric_cypress');\nloginPage.enterPassword('000000');\nloginPage.clickLogin();\ncy.wait(10000);\ncy.reload();\ncy.wait(10000);\ncy.get('.logo')\n    .should('be.visible');",
              "err": {},
              "uuid": "af60e531-72fb-4a45-b993-8e44c4c1d6c4",
              "parentUUID": "a37695b6-f203-43f3-8590-86f8a31e537b",
              "isHook": false,
              "skipped": false
            }
          ],
          "suites": [],
          "passes": [
            "af60e531-72fb-4a45-b993-8e44c4c1d6c4"
          ],
          "failures": [],
          "pending": [],
          "skipped": [],
          "duration": 34575,
          "root": false,
          "rootEmpty": false,
          "_timeout": 2000
        }
      ],
      "passes": [],
      "failures": [],
      "pending": [],
      "skipped": [],
      "duration": 0,
      "root": true,
      "rootEmpty": true,
      "_timeout": 2000
    }
  ],
  "meta": {
    "mocha": {
      "version": "7.0.1"
    },
    "mochawesome": {
      "options": {
        "quiet": false,
        "reportFilename": "mochawesome",
        "saveHtml": false,
        "saveJson": true,
        "consoleReporter": "spec",
        "useInlineDiffs": false,
        "code": true
      },
      "version": "7.1.3"
    },
    "marge": {
      "options": {
        "charts": true,
        "overwrite": false,
        "html": false,
        "json": true,
        "reportDir": "cypress/reports"
      },
      "version": "6.2.0"
    }
  }
}