{
  "stats": {
    "suites": 1,
    "tests": 1,
    "passes": 1,
    "pending": 0,
    "failures": 0,
    "start": "2022-06-24T06:46:56.645Z",
    "end": "2022-06-24T06:50:36.964Z",
    "duration": 220319,
    "testsRegistered": 1,
    "passPercent": 100,
    "pendingPercent": 0,
    "other": 0,
    "hasOther": false,
    "skipped": 0,
    "hasSkipped": false
  },
  "results": [
    {
      "uuid": "c8bc764a-3302-4cbf-981b-c7395cfe86a3",
      "title": "",
      "fullFile": "cypress/integration/Upload panoramas.ts",
      "file": "cypress/integration/Upload panoramas.ts",
      "beforeHooks": [],
      "afterHooks": [],
      "tests": [],
      "suites": [
        {
          "uuid": "61eefa1a-2e7f-4470-a8a2-cad59f9bccfc",
          "title": "test `Upload panoramas` function",
          "fullFile": "",
          "file": "",
          "beforeHooks": [],
          "afterHooks": [],
          "tests": [
            {
              "title": "Upload panoramas",
              "fullTitle": "test `Upload panoramas` function Upload panoramas",
              "timedOut": null,
              "duration": 217718,
              "state": "passed",
              "speed": "slow",
              "pass": true,
              "fail": false,
              "pending": false,
              "context": null,
              "code": "// login to editor\nloginPage.navigate('https://vreditor.istaging.com/');\nloginPage.enterUsername('eric_cypress');\nloginPage.enterPassword('000000');\nloginPage.clickLogin();\n// create a new building\ncreateBuilding.clickTriggerCreateLiveTour();\ncreateBuilding.enterLiveTourName(selectDate.selectDate('today') + '_' + selectString.selectString('panoramas30'));\ncreateBuilding.clickEnablePublic(true);\ncreateBuilding.clickCreateLiveTour();\n// enter `Panoramas` page\ncy.get('.nav > :nth-child(2) > .nav-link').click();\n// upload panoramas\nfor (var i = 0; i < 3; i++) {\n    cy.get('.add-panoramas > :nth-child(1)').click();\n    switch (i) {\n        case 0:\n            cy.get('#Panoramas')\n                .attachFile(testImages.selectImages(0));\n            break;\n        case 1:\n            cy.get('#Panoramas')\n                .attachFile(testImages.selectImages(1));\n            break;\n        default:\n            cy.get('#Panoramas')\n                .attachFile(testImages.selectImages(0));\n    }\n    // wait for attaching finished\n    cy.wait(5000);\n    if (i == 2) {\n        cy.get('#use-filename')\n            .click();\n    }\n    cy.get('[style=\"background-color: rgba(0, 0, 0, 0.7); position: fixed;\"] > .i-modal-inner > .i-form-2 > .flex-center > .row-mbl > .form-group > .buttons-container > .btn')\n        .click();\n    // wait for uploading finished\n    cy.wait(50000);\n    // check if uploading successfully finished\n    cy.get('.footer > p')\n        .should('contain', '上傳結束');\n    cy.get('.header > button')\n        .click();\n    // wait for resizing finished\n    cy.wait(5000);\n}\n// check panoramas order and category name\nfor (var p = 1; p <= 10; p++) {\n    cy.get(':nth-child(' + p + ') > .i-edit-list-category > .i-edit-list-category-text')\n        .should('contain', 'test (' + (11 - p) + ')');\n}\n// check upload limit and hint UI\ncy.get('.add-panoramas > :nth-child(1)').click();\ncy.get('[style=\"background-color: transparent; position: fixed;\"] > .i-modal-inner > .modal-content > .modal-content-title')\n    .should('contain', '全景圖數量已達上限');\ncy.get('[style=\"background-color: transparent; position: fixed;\"] > .i-modal-inner > .modal-content > .modal-content-text')\n    .should('contain', '全景圖數量已滿');\ncy.get('[style=\"background-color: transparent; position: fixed;\"] > .i-modal-inner > .modal-content > .modal-content-buttons > .btn')\n    .click();",
              "err": {},
              "uuid": "a3eaf7f4-011b-4fe7-a1ef-b479a7ddfec4",
              "parentUUID": "61eefa1a-2e7f-4470-a8a2-cad59f9bccfc",
              "isHook": false,
              "skipped": false
            }
          ],
          "suites": [],
          "passes": [
            "a3eaf7f4-011b-4fe7-a1ef-b479a7ddfec4"
          ],
          "failures": [],
          "pending": [],
          "skipped": [],
          "duration": 217718,
          "root": false,
          "rootEmpty": false,
          "_timeout": 2000
        }
      ],
      "passes": [],
      "failures": [],
      "pending": [],
      "skipped": [],
      "duration": 0,
      "root": true,
      "rootEmpty": true,
      "_timeout": 2000
    }
  ],
  "meta": {
    "mocha": {
      "version": "7.0.1"
    },
    "mochawesome": {
      "options": {
        "quiet": false,
        "reportFilename": "mochawesome",
        "saveHtml": false,
        "saveJson": true,
        "consoleReporter": "spec",
        "useInlineDiffs": false,
        "code": true
      },
      "version": "7.1.3"
    },
    "marge": {
      "options": {
        "charts": true,
        "overwrite": false,
        "html": false,
        "json": true,
        "reportDir": "cypress/reports"
      },
      "version": "6.2.0"
    }
  }
}